
copyright
copyright
copyright
copyright
copyright
copyright
copyright
copyright
copyright
copyright
copyright
copyright
copyright
copyright
copyright
copyright
copyright
copyright
copyright
copyright
copyright
copyright
copyright
copyright
copyright
copyright
copyright
copyright
copyright
copyright
copyright
linksys.py
copyright
copyright
copyright
copyright
copyright
copyright
copyright
copyright
copyright
copyright
copyright
copyright
copyright
copyright
how-it-works.html
copyright
copyright
copyright
copyright
copyright
RELNOTES.gz
copyright
copyright
copyright
copyright
copyright
copyright
copyright
copyright
copyright
MPL.gz
copyright
copyright
copyright
copyright
copyright
copyright
copyright
copyright
usage.html
copyright
copyright
copyright
copyright
copyright
copyright
copyright
copyright
copyright
copyright
copyright
copyright
copyright
copyright
copyright
copyright
copyright
copyright
copyright
copyright
copyright
copyright
callbacks.html
copyright
copyright
copyright
copyright
copyright
copyright
copyright
license.html
copyright
copyright
supported-encodings.html
copyright
copyright
copyright
copyright
copyright
copyright
chardet.css
copyright
copyright
copyright
pycurl.html
copyright
copyright
copyright
curlmultiobject.html
copyright
copyright
copyright
curlobject.html
copyright
copyright
copyright
copyright
copyright
copyright
copyright
copyright
copyright
copyright
copyright
copyright
history.html
copyright
copyright
copyright
copyright
copyright
copyright
README.rst.gz
copyright
retriever-multi.py
copyright
